Shuttle-Clone-User/app/build/outputs/mapping/debug/seeds.txt
com.ferri.userapp.ui.activity.DashboardActivity
com.ferri.userapp.ui.activity.SettingActivity
com.ferri.userapp.ui.activity.ReferEarnActivity
com.ferri.userapp.ui.activity.InitialActivity
com.ferri.userapp.ui.activity.SuggestRouteActivity
com.ferri.userapp.ui.activity.BookingActivity
com.ferri.userapp.ui.activity.SetReminderActivity
com.ferri.userapp.ui.activity.SelectionActivity
com.ferri.userapp.ui.activity.PassDetailsActivity
com.ferri.userapp.ui.fragment.MoreFragment
com.ferri.userapp.ui.intro.IntroFragment
com.ferri.userapp.ui.activity.PassActivity
com.ferri.userapp.ui.activity.ConfirmPaymentActivity
com.ferri.userapp.ui.activity.TrackRoutesActivity
com.ferri.userapp.ui.activity.PaymentActivity
com.ferri.userapp.ui.activity.CardDetailActivity
com.ferri.userapp.ui.activity.BusRoutesActivity
com.ferri.userapp.ui.activity.ProfileSettingsActivity
com.ferri.userapp.ui.fragment.FragmentOffers
com.ferri.userapp.ui.activity.ViewInvoiceActivity
com.ferri.userapp.ui.activity.BusListActivity
com.ferri.userapp.ui.activity.NotificationActivity
com.ferri.userapp.ui.activity.BookedPassDetailsActivity
com.ferri.userapp.Db.AppDatabase_Impl
com.ferri.userapp.ui.activity.SplashActivity
com.ferri.userapp.ui.activity.DroppingPointActivity
com.ferri.userapp.ui.fragment.MyBookingFragment
com.ferri.userapp.ui.activity.OffersActivity
com.ferri.userapp.ui.activity.ExploreActivity
com.ferri.userapp.utils.CoverFlowLayoutManger
com.ferri.userapp.ui.activity.PackageActivity
com.ferri.userapp.ui.activity.VerificationActivity
com.ferri.userapp.ui.intro.IntroActivity
com.ferri.userapp.Db.AppDatabase
com.ferri.userapp.ui.activity.BookingHistoryActivity
com.ferri.userapp.ui.activity.PermissionActivity
com.ferri.userapp.ui.activity.WalletActivity
com.ferri.userapp.ui.activity.HelpActivity
com.ferri.userapp.utils.RecyclerCoverFlow
com.ferri.userapp.ui.activity.TransactionHistoryActivity
com.ferri.userapp.fb.MyFirebaseMessagingService
com.ferri.userapp.utils.Receiver.SmsBroadcastReceiver
com.ferri.userapp.RetrofitRepository.ApiCalls
com.ferri.userapp.ui.activity.SignInActivity
com.ferri.userapp.ui.fragment.HomeFragmentNewest
com.ferri.userapp.ui.activity.CardsActivity
com.ferri.userapp.ui.activity.PassengerDetailActivity
com.ferri.userapp.model.RefreshTokenModel: java.lang.String message
com.ferri.userapp.model.RoutesItem: java.lang.String pickupStopDepartureTime
com.ferri.userapp.model.UpdatedProfileData: java.lang.String homeAddress
com.ferri.userapp.model.FareData: java.lang.String fee
com.ferri.userapp.model.PassengerDetailsItem: java.lang.String fullname
com.ferri.userapp.model.FareData: java.lang.String dropName
com.ferri.userapp.model.BookingListResponseModel: java.lang.String refundAlert
com.ferri.userapp.model.OffersData: java.lang.String endDate
com.ferri.userapp.model.FareData: java.lang.String pnrNo
com.ferri.userapp.model.GeneratedFareResponseModel: com.ferri.userapp.model.FareData data
com.ferri.userapp.model.Prefill: java.lang.String contact
com.ferri.userapp.model.TrackData: java.lang.String angle
com.ferri.userapp.model.RouteStopsResponseModel: java.lang.Boolean status
com.ferri.userapp.model.UpdatedProfileData: java.lang.String officeTiming
com.ferri.userapp.model.SearchLocationResponseModel: boolean status
com.ferri.userapp.model.SearchedDataItem: java.lang.String locationAddress
com.ferri.userapp.model.ReferCodeModel: java.lang.Boolean status
com.ferri.userapp.model.BusSeatsResponseModel: java.lang.Boolean status
com.ferri.userapp.model.PaymentSettings: java.lang.String description
com.ferri.userapp.model.PaymentSettings: java.lang.String logo
com.ferri.userapp.model.OffersData: java.lang.String picture
com.ferri.userapp.model.StopsItem: java.lang.Boolean drop
com.ferri.userapp.model.Prefill: java.lang.String name
com.ferri.userapp.model.PaymentSettings: java.lang.String email
com.ferri.userapp.model.TripTrackingStatusResponse: com.ferri.userapp.model.TrackData data
com.ferri.userapp.model.UserDetail: long phone
...
androidx.lifecycle.LifecycleCoroutineScopeImpl
org.conscrypt.SSLNullSession$1
androidx.viewpager2.adapter.FragmentStateAdapter$FragmentMaxLifecycleEnforcer$3
org.conscrypt.EvpMdRef$MD5
android.support.v4.media.MediaBrowserCompat$ItemReceiver
com.android.installreferrer.api.InstallReferrerClient
com.google.android.libraries.places.internal.zzdp
org.conscrypt.FileClientSessionCache$Impl
com.google.android.libraries.places.R$drawable
com.google.android.libraries.places.api.net.FetchPlaceResponse
com.google.gson.internal.bind.ReflectiveTypeAdapterFactory$FieldReflectionAdapter
com.google.android.libraries.places.internal.zzads
org.conscrypt.OpenSSLMac$HmacSHA224
com.google.android.libraries.places.api.Places
com.google.android.libraries.places.internal.zzke
com.google.gson.internal.bind.NumberTypeAdapter$1
com.google.android.libraries.places.internal.zzagv
com.google.android.libraries.places.internal.zzaiy
com.google.android.gms.common.GooglePlayServicesMissingManifestValueException
com.google.android.libraries.places.internal.zzaah
com.google.android.libraries.places.R
com.google.android.libraries.places.internal.zzaev
org.greenrobot.eventbus.android.AndroidComponentsImpl
com.google.android.libraries.places.internal.zzvt
com.razorpay.P$_S_
com.google.android.libraries.places.internal.zzaef
com.google.android.libraries.places.internal.zzut
com.google.android.libraries.places.api.model.zzbn
com.google.android.gms.maps.model.LatLngBounds
com.google.android.libraries.places.internal.zzado
com.google.android.libraries.places.internal.zzhf
androidx.recyclerview.widget.LinearLayoutManager
com.google.android.libraries.places.internal.zzxo
com.google.android.libraries.places.widget.AutocompleteActivity
com.google.android.libraries.places.internal.zzdg
com.google.android.libraries.places.internal.zzyf
com.google.android.libraries.places.widget.internal.ui.zzo
com.google.android.libraries.places.internal.zzye
com.google.gson.internal.Excluder
com.razorpay.E__a_
com.google.android.libraries.places.internal.zzair
com.google.android.libraries.places.internal.zzaak
com.google.android.libraries.places.internal.zzcu
com.facebook.core.Core
org.conscrypt.OpenSSLSignature$MD5RSA
com.google.android.libraries.places.api.model.zzbc
com.razorpay.PaymentData
org.conscrypt.ConscryptEngine$1
com.google.android.libraries.places.internal.zzrw
com.razorpay.RzpAssist
com.google.android.libraries.places.internal.zzfs
androidx.profileinstaller.ProfileInstallerInitializer
com.google.android.libraries.places.internal.zzhk
com.google.android.libraries.places.api.net.zzn
com.google.android.libraries.places.internal.zzap
com.google.android.gms.common.GooglePlayServicesManifestException
com.google.android.material.transformation.FabTransformationScrimBehavior
com.google.android.libraries.places.internal.zzfd
androidx.media.AudioAttributesImplBaseParcelizer
org.conscrypt.CertificatePriorityComparator
com.google.android.libraries.places.api.model.zzbs
androidx.core.app.RemoteActionCompatParcelizer
org.conscrypt.OpenSSLEvpCipherAES$AES_128$CBC$PKCS5Padding
com.google.android.libraries.places.internal.zzcb
org.conscrypt.OpenSSLSignature$SHA512RSA
com.razorpay.RzpJSONCallback
com.razorpay.i_$z_
com.google.android.libraries.places.api.net.FindAutocompletePredictionsResponse
org.conscrypt.SSLParametersImpl$PSKCallbacks
com.google.android.libraries.places.internal.zzmq
com.google.android.libraries.places.api.model.AutocompletePrediction
androidx.fragment.app.FragmentManager$6
com.google.android.libraries.places.internal.zzbv
org.conscrypt.OpenSSLMac$HmacSHA256
com.google.gson.internal.bind.TypeAdapters$3
com.google.android.libraries.places.internal.zzi
com.google.android.libraries.places.internal.zzahj
org.conscrypt.OpenSSLEvpCipherAES$AES_128$CTR
com.razorpay.B$$W$
com.facebook.internal.FacebookInitProvider
com.google.android.libraries.places.internal.zzaga
com.google.android.libraries.places.internal.zzagi
com.google.android.libraries.places.internal.zzaao