Shuttle-Clone-User/app/build/outputs/mapping/debug/usage.txt
com.ferri.userapp.Adapters.ApiLocationSearchResultAdapter$ViewHolder:
    public final void setPrimaryLocation_tv(android.widget.TextView)
    public final void setRootLaout(android.widget.LinearLayout)
    public final void setSearch_result_icon(android.widget.ImageView)
    public final void setSecondary_location_tv(android.widget.TextView)
com.ferri.userapp.Adapters.ApiLocationSearchResultAdapter:
    private static final java.lang.String TAG
    public final com.ferri.userapp.ui.fragment.SearchLocationDialogFragment getListner()
    public final android.content.Context getMContaxt()
    public final java.lang.String getSET_ADDRESS_FOR()
    public final java.lang.String getSET_RESULT_TO()
    public final java.util.List getSearchedDataItem()
    public final java.lang.String getTAG()
    public final void setListner(com.ferri.userapp.ui.fragment.SearchLocationDialogFragment)
    public final void setMContaxt(android.content.Context)
    public final void setSET_ADDRESS_FOR(java.lang.String)
    public final void setSET_RESULT_TO(java.lang.String)
    public final void setSearchedDataItem(java.util.List)
    public final void setTAG(java.lang.String)
com.ferri.userapp.Adapters.LocationSearchResultHistoryAdapter$1
com.ferri.userapp.Adapters.LocationSearchResultHistoryAdapter$ViewHolder
com.ferri.userapp.Adapters.LocationSearchResultHistoryAdapter
com.ferri.userapp.Adapters.SearchLocationAdapter$ViewHolder
com.ferri.userapp.Adapters.SearchLocationAdapter
com.ferri.userapp.BuildConfig
com.ferri.userapp.Db.AppDatabase_Impl:
    public void clearAllTables()
com.ferri.userapp.Db.AppDbRepository$delete$1
com.ferri.userapp.Db.AppDbRepository$update$1
com.ferri.userapp.Db.AppDbRepository:
    public final void delete(com.ferri.userapp.Db.RecentSearchData)
    public final void update(com.ferri.userapp.Db.RecentSearchData)
com.ferri.userapp.Db.RecentSearchDao:
    public abstract void delete(com.ferri.userapp.Db.RecentSearchData)
    public abstract void update(com.ferri.userapp.Db.RecentSearchData)
com.ferri.userapp.Db.RecentSearchDao_Impl$2:
    public void bind(androidx.sqlite.db.SupportSQLiteStatement,com.ferri.userapp.Db.RecentSearchData)
    public synthetic bridge void bind(androidx.sqlite.db.SupportSQLiteStatement,java.lang.Object)
com.ferri.userapp.Db.RecentSearchDao_Impl$3:
    public void bind(androidx.sqlite.db.SupportSQLiteStatement,com.ferri.userapp.Db.RecentSearchData)
    public synthetic bridge void bind(androidx.sqlite.db.SupportSQLiteStatement,java.lang.Object)
com.ferri.userapp.Db.RecentSearchDao_Impl:
    public void delete(com.ferri.userapp.Db.RecentSearchData)
    public void update(com.ferri.userapp.Db.RecentSearchData)
com.ferri.userapp.Db.RecentSearchData:
    public final java.lang.String component1()
    public final java.lang.String component2()
    public final java.lang.String component3()
    public final java.lang.String component4()
    public final java.lang.String component5()
    public final java.lang.String component6()
    public final java.lang.String component7()
    public final java.lang.Integer component8()
    public final com.ferri.userapp.Db.RecentSearchData copy(java.lang.String,java.lang.String,java.lang.String,java.lang.String,java.lang.String,java.lang.String,java.lang.String,java.lang.Integer)
    public static synthetic com.ferri.userapp.Db.RecentSearchData copy$default(com.ferri.userapp.Db.RecentSearchData,java.lang.String,java.lang.String,java.lang.String,java.lang.String,java.lang.String,java.lang.String,java.lang.String,java.lang.Integer,int,java.lang.Object)
com.ferri.userapp.Db.RecentSearchViewModel:
    public final void delete(com.ferri.userapp.Db.RecentSearchData)
    public final void update(com.ferri.userapp.Db.RecentSearchData)
com.ferri.userapp.R$anim
com.ferri.userapp.R$animator
com.ferri.userapp.R$array
com.ferri.userapp.R$attr
com.ferri.userapp.R$bool
com.ferri.userapp.R$color
com.ferri.userapp.R$dimen
com.ferri.userapp.R$drawable
com.ferri.userapp.R$font
...
com.google.android.gms.wallet.wobs.zzd
com.google.android.gms.wallet.wobs.zze
com.google.android.gms.wallet.wobs.zzf
com.google.android.gms.wallet.wobs.zzg
com.google.android.gms.wallet.wobs.zzh
com.google.android.gms.wallet.wobs.zzi
com.google.android.gms.wallet.wobs.zzj
com.google.android.gms.wallet.wobs.zzk
com.google.android.gms.wallet.wobs.zzl
com.google.android.gms.wallet.wobs.zzm
com.google.android.gms.wallet.wobs.zzn
com.google.android.gms.wallet.wobs.zzo
com.google.android.gms.wallet.zza
com.google.android.gms.wallet.zzaa
com.google.android.gms.wallet.zzab
com.google.android.gms.wallet.zzac
com.google.android.gms.wallet.zzad
com.google.android.gms.wallet.zzae
com.google.android.gms.wallet.zzaf
com.google.android.gms.wallet.zzag
com.google.android.gms.wallet.zzah
com.google.android.gms.wallet.zzai
com.google.android.gms.wallet.zzaj
com.google.android.gms.wallet.zzak
com.google.android.gms.wallet.zzal
com.google.android.gms.wallet.zzam
com.google.android.gms.wallet.zzan
com.google.android.gms.wallet.zzao
com.google.android.gms.wallet.zzb
com.google.android.gms.wallet.zzc
com.google.android.gms.wallet.zzd
com.google.android.gms.wallet.zze
com.google.android.gms.wallet.zzf
com.google.android.gms.wallet.zzg
com.google.android.gms.wallet.zzh
com.google.android.gms.wallet.zzi
com.google.android.gms.wallet.zzj
com.google.android.gms.wallet.zzk
com.google.android.gms.wallet.zzl
com.google.android.gms.wallet.zzm
com.google.android.gms.wallet.zzn
com.google.android.gms.wallet.zzo
com.google.android.gms.wallet.zzp
com.google.android.gms.wallet.zzq
com.google.android.gms.wallet.zzr
com.google.android.gms.wallet.zzs
com.google.android.gms.wallet.zzt
com.google.android.gms.wallet.zzu
com.google.android.gms.wallet.zzv
com.google.android.gms.wallet.zzw
com.google.android.gms.wallet.zzx
com.google.android.gms.wallet.zzy
com.google.android.gms.wallet.zzz
com.google.android.material.R$anim
com.google.android.material.R$animator:
    public static final int design_appbar_state_list_animator
    public static final int design_fab_hide_motion_spec
    public static final int design_fab_show_motion_spec
    public static final int fragment_close_enter
    public static final int fragment_close_exit
    public static final int fragment_fade_enter
    public static final int fragment_fade_exit
    public static final int fragment_open_enter
    public static final int fragment_open_exit
    public static final int m3_btn_elevated_btn_state_list_anim
    public static final int m3_btn_state_list_anim
    public static final int m3_card_elevated_state_list_anim
    public static final int m3_card_state_list_anim
    public static final int m3_chip_state_list_anim
    public static final int m3_elevated_chip_state_list_anim
    public static final int m3_extended_fab_change_size_collapse_motion_spec
    public static final int m3_extended_fab_change_size_expand_motion_spec
    public static final int m3_extended_fab_hide_motion_spec
    public static final int m3_extended_fab_show_motion_spec
    public static final int m3_extended_fab_state_list_animator
    public static final int mtrl_btn_state_list_anim
    public static final int mtrl_btn_unelevated_state_list_anim
    public static final int mtrl_card_state_list_anim
    public static final int mtrl_chip_state_list_anim
    public static final int mtrl_extended_fab_change_size_collapse_motion_spec